{"C:\\Users\\milton.santana\\Documents\\CURSOS\\TDDNode\\seubarriga\\knexfile.js": {"path":"C:\\Users\\milton.santana\\Documents\\CURSOS\\TDDNode\\seubarriga\\knexfile.js","statementMap":{"0":{"start":{"line":1,"column":0},"end":{"line":17,"column":2}}},"fnMap":{},"branchMap":{},"s":{"0":7},"f":{},"b":{},"_coverageSchema":"1a1c01bbd47fc00a2c39e90264f33305004495a9","hash":"55a838d62c96145191cdf605de368701464ed8ee"}
,"C:\\Users\\milton.santana\\Documents\\CURSOS\\TDDNode\\seubarriga\\src\\app.js": {"path":"C:\\Users\\milton.santana\\Documents\\CURSOS\\TDDNode\\seubarriga\\src\\app.js","statementMap":{"0":{"start":{"line":1,"column":12},"end":{"line":1,"column":32}},"1":{"start":{"line":2,"column":16},"end":{"line":2,"column":34}},"2":{"start":{"line":3,"column":13},"end":{"line":3,"column":28}},"3":{"start":{"line":4,"column":17},"end":{"line":4,"column":39}},"4":{"start":{"line":7,"column":0},"end":{"line":7,"column":29}},"5":{"start":{"line":9,"column":0},"end":{"line":15,"column":13}},"6":{"start":{"line":17,"column":0},"end":{"line":19,"column":3}},"7":{"start":{"line":18,"column":2},"end":{"line":18,"column":25}},"8":{"start":{"line":21,"column":0},"end":{"line":27,"column":3}},"9":{"start":{"line":22,"column":35},"end":{"line":22,"column":38}},"10":{"start":{"line":23,"column":2},"end":{"line":25,"column":54}},"11":{"start":{"line":23,"column":34},"end":{"line":23,"column":75}},"12":{"start":{"line":24,"column":7},"end":{"line":25,"column":54}},"13":{"start":{"line":24,"column":44},"end":{"line":24,"column":85}},"14":{"start":{"line":25,"column":7},"end":{"line":25,"column":54}},"15":{"start":{"line":26,"column":2},"end":{"line":26,"column":9}},"16":{"start":{"line":41,"column":0},"end":{"line":41,"column":21}}},"fnMap":{"0":{"name":"(anonymous_0)","decl":{"start":{"line":17,"column":13},"end":{"line":17,"column":14}},"loc":{"start":{"line":17,"column":27},"end":{"line":19,"column":1}},"line":17},"1":{"name":"(anonymous_1)","decl":{"start":{"line":21,"column":8},"end":{"line":21,"column":9}},"loc":{"start":{"line":21,"column":33},"end":{"line":27,"column":1}},"line":21}},"branchMap":{"0":{"loc":{"start":{"line":23,"column":2},"end":{"line":25,"column":54}},"type":"if","locations":[{"start":{"line":23,"column":2},"end":{"line":25,"column":54}},{"start":{"line":24,"column":7},"end":{"line":25,"column":54}}],"line":23},"1":{"loc":{"start":{"line":24,"column":7},"end":{"line":25,"column":54}},"type":"if","locations":[{"start":{"line":24,"column":7},"end":{"line":25,"column":54}},{"start":{"line":25,"column":7},"end":{"line":25,"column":54}}],"line":24}},"s":{"0":7,"1":7,"2":7,"3":7,"4":7,"5":7,"6":7,"7":1,"8":7,"9":25,"10":25,"11":21,"12":4,"13":3,"14":1,"15":25,"16":7},"f":{"0":1,"1":25},"b":{"0":[21,4],"1":[3,1]},"_coverageSchema":"1a1c01bbd47fc00a2c39e90264f33305004495a9","hash":"4406f28fd52b5d077f33541fed76aa5e8fa82e3f"}
,"C:\\Users\\milton.santana\\Documents\\CURSOS\\TDDNode\\seubarriga\\src\\config\\middlewares.js": {"path":"C:\\Users\\milton.santana\\Documents\\CURSOS\\TDDNode\\seubarriga\\src\\config\\middlewares.js","statementMap":{"0":{"start":{"line":1,"column":19},"end":{"line":1,"column":41}},"1":{"start":{"line":4,"column":0},"end":{"line":8,"column":2}},"2":{"start":{"line":5,"column":2},"end":{"line":5,"column":29}}},"fnMap":{"0":{"name":"(anonymous_0)","decl":{"start":{"line":4,"column":17},"end":{"line":4,"column":18}},"loc":{"start":{"line":4,"column":26},"end":{"line":8,"column":1}},"line":4}},"branchMap":{},"s":{"0":7,"1":7,"2":7},"f":{"0":7},"b":{},"_coverageSchema":"1a1c01bbd47fc00a2c39e90264f33305004495a9","hash":"78cad63419f4ec29d99cafd6d09d895fd5de27ee"}
,"C:\\Users\\milton.santana\\Documents\\CURSOS\\TDDNode\\seubarriga\\src\\config\\passport.js": {"path":"C:\\Users\\milton.santana\\Documents\\CURSOS\\TDDNode\\seubarriga\\src\\config\\passport.js","statementMap":{"0":{"start":{"line":1,"column":17},"end":{"line":1,"column":36}},"1":{"start":{"line":2,"column":20},"end":{"line":2,"column":43}},"2":{"start":{"line":3,"column":15},"end":{"line":3,"column":25}},"3":{"start":{"line":5,"column":33},"end":{"line":5,"column":44}},"4":{"start":{"line":7,"column":0},"end":{"line":28,"column":2}},"5":{"start":{"line":8,"column":17},"end":{"line":11,"column":3}},"6":{"start":{"line":13,"column":19},"end":{"line":21,"column":4}},"7":{"start":{"line":14,"column":4},"end":{"line":20,"column":40}},"8":{"start":{"line":17,"column":8},"end":{"line":18,"column":31}},"9":{"start":{"line":17,"column":18},"end":{"line":17,"column":45}},"10":{"start":{"line":18,"column":13},"end":{"line":18,"column":31}},"11":{"start":{"line":20,"column":22},"end":{"line":20,"column":38}},"12":{"start":{"line":23,"column":2},"end":{"line":23,"column":25}},"13":{"start":{"line":25,"column":2},"end":{"line":27,"column":4}},"14":{"start":{"line":26,"column":24},"end":{"line":26,"column":72}}},"fnMap":{"0":{"name":"(anonymous_0)","decl":{"start":{"line":7,"column":17},"end":{"line":7,"column":18}},"loc":{"start":{"line":7,"column":26},"end":{"line":28,"column":1}},"line":7},"1":{"name":"(anonymous_1)","decl":{"start":{"line":13,"column":40},"end":{"line":13,"column":41}},"loc":{"start":{"line":13,"column":59},"end":{"line":21,"column":3}},"line":13},"2":{"name":"(anonymous_2)","decl":{"start":{"line":16,"column":12},"end":{"line":16,"column":13}},"loc":{"start":{"line":16,"column":22},"end":{"line":19,"column":7}},"line":16},"3":{"name":"(anonymous_3)","decl":{"start":{"line":20,"column":13},"end":{"line":20,"column":14}},"loc":{"start":{"line":20,"column":22},"end":{"line":20,"column":38}},"line":20},"4":{"name":"(anonymous_4)","decl":{"start":{"line":26,"column":18},"end":{"line":26,"column":19}},"loc":{"start":{"line":26,"column":24},"end":{"line":26,"column":72}},"line":26}},"branchMap":{"0":{"loc":{"start":{"line":17,"column":8},"end":{"line":18,"column":31}},"type":"if","locations":[{"start":{"line":17,"column":8},"end":{"line":18,"column":31}},{"start":{"line":18,"column":13},"end":{"line":18,"column":31}}],"line":17}},"s":{"0":7,"1":7,"2":7,"3":7,"4":7,"5":7,"6":7,"7":52,"8":52,"9":52,"10":0,"11":0,"12":7,"13":7,"14":7},"f":{"0":7,"1":52,"2":52,"3":0,"4":7},"b":{"0":[52,0]},"_coverageSchema":"1a1c01bbd47fc00a2c39e90264f33305004495a9","hash":"0eb8fa0d845a5e231b75d04e22af6f78f57f1bbb"}
,"C:\\Users\\milton.santana\\Documents\\CURSOS\\TDDNode\\seubarriga\\src\\config\\router.js": {"path":"C:\\Users\\milton.santana\\Documents\\CURSOS\\TDDNode\\seubarriga\\src\\config\\router.js","statementMap":{"0":{"start":{"line":1,"column":16},"end":{"line":1,"column":34}},"1":{"start":{"line":3,"column":0},"end":{"line":15,"column":1}},"2":{"start":{"line":4,"column":4},"end":{"line":4,"column":38}},"3":{"start":{"line":6,"column":28},"end":{"line":6,"column":44}},"4":{"start":{"line":8,"column":4},"end":{"line":8,"column":52}},"5":{"start":{"line":9,"column":4},"end":{"line":9,"column":58}},"6":{"start":{"line":10,"column":4},"end":{"line":10,"column":66}},"7":{"start":{"line":11,"column":4},"end":{"line":11,"column":60}},"8":{"start":{"line":12,"column":4},"end":{"line":12,"column":56}},"9":{"start":{"line":14,"column":4},"end":{"line":14,"column":72}}},"fnMap":{"0":{"name":"(anonymous_0)","decl":{"start":{"line":3,"column":17},"end":{"line":3,"column":18}},"loc":{"start":{"line":3,"column":26},"end":{"line":15,"column":1}},"line":3}},"branchMap":{},"s":{"0":7,"1":7,"2":7,"3":7,"4":7,"5":7,"6":7,"7":7,"8":7,"9":7},"f":{"0":7},"b":{},"_coverageSchema":"1a1c01bbd47fc00a2c39e90264f33305004495a9","hash":"11a3e7f292bdfe8ae63614c04077b15911be37d8"}
,"C:\\Users\\milton.santana\\Documents\\CURSOS\\TDDNode\\seubarriga\\src\\errors\\InvalidResourceError.js": {"path":"C:\\Users\\milton.santana\\Documents\\CURSOS\\TDDNode\\seubarriga\\src\\errors\\InvalidResourceError.js","statementMap":{"0":{"start":{"line":1,"column":0},"end":{"line":4,"column":1}},"1":{"start":{"line":2,"column":4},"end":{"line":2,"column":39}},"2":{"start":{"line":3,"column":4},"end":{"line":3,"column":27}}},"fnMap":{"0":{"name":"InvalidResourceError","decl":{"start":{"line":1,"column":26},"end":{"line":1,"column":46}},"loc":{"start":{"line":1,"column":97},"end":{"line":4,"column":1}},"line":1}},"branchMap":{"0":{"loc":{"start":{"line":1,"column":47},"end":{"line":1,"column":95}},"type":"default-arg","locations":[{"start":{"line":1,"column":57},"end":{"line":1,"column":95}}],"line":1}},"s":{"0":7,"1":3,"2":3},"f":{"0":3},"b":{"0":[3]},"_coverageSchema":"1a1c01bbd47fc00a2c39e90264f33305004495a9","hash":"4d1cf2e122ad60e78d68925143fa3661ce88262d"}
,"C:\\Users\\milton.santana\\Documents\\CURSOS\\TDDNode\\seubarriga\\src\\errors\\ValidationError.js": {"path":"C:\\Users\\milton.santana\\Documents\\CURSOS\\TDDNode\\seubarriga\\src\\errors\\ValidationError.js","statementMap":{"0":{"start":{"line":1,"column":0},"end":{"line":4,"column":1}},"1":{"start":{"line":2,"column":4},"end":{"line":2,"column":34}},"2":{"start":{"line":3,"column":4},"end":{"line":3,"column":27}}},"fnMap":{"0":{"name":"ValidationError","decl":{"start":{"line":1,"column":26},"end":{"line":1,"column":41}},"loc":{"start":{"line":1,"column":51},"end":{"line":4,"column":1}},"line":1}},"branchMap":{},"s":{"0":7,"1":21,"2":21},"f":{"0":21},"b":{},"_coverageSchema":"1a1c01bbd47fc00a2c39e90264f33305004495a9","hash":"bc0488e2e665772e3e5afcb88d6295a3be836693"}
,"C:\\Users\\milton.santana\\Documents\\CURSOS\\TDDNode\\seubarriga\\src\\routes\\accounts.js": {"path":"C:\\Users\\milton.santana\\Documents\\CURSOS\\TDDNode\\seubarriga\\src\\routes\\accounts.js","statementMap":{"0":{"start":{"line":1,"column":16},"end":{"line":1,"column":34}},"1":{"start":{"line":3,"column":29},"end":{"line":3,"column":70}},"2":{"start":{"line":5,"column":0},"end":{"line":63,"column":2}},"3":{"start":{"line":6,"column":17},"end":{"line":6,"column":33}},"4":{"start":{"line":8,"column":2},"end":{"line":13,"column":5}},"5":{"start":{"line":9,"column":4},"end":{"line":12,"column":31}},"6":{"start":{"line":10,"column":6},"end":{"line":11,"column":18}},"7":{"start":{"line":10,"column":39},"end":{"line":10,"column":72}},"8":{"start":{"line":11,"column":11},"end":{"line":11,"column":18}},"9":{"start":{"line":12,"column":20},"end":{"line":12,"column":29}},"10":{"start":{"line":15,"column":2},"end":{"line":22,"column":5}},"11":{"start":{"line":16,"column":4},"end":{"line":21,"column":33}},"12":{"start":{"line":19,"column":8},"end":{"line":19,"column":47}},"13":{"start":{"line":21,"column":22},"end":{"line":21,"column":31}},"14":{"start":{"line":24,"column":2},"end":{"line":29,"column":5}},"15":{"start":{"line":25,"column":4},"end":{"line":28,"column":33}},"16":{"start":{"line":27,"column":24},"end":{"line":27,"column":52}},"17":{"start":{"line":28,"column":22},"end":{"line":28,"column":31}},"18":{"start":{"line":31,"column":2},"end":{"line":42,"column":5}},"19":{"start":{"line":32,"column":4},"end":{"line":41,"column":33}},"20":{"start":{"line":35,"column":8},"end":{"line":38,"column":69}},"21":{"start":{"line":36,"column":10},"end":{"line":38,"column":69}},"22":{"start":{"line":39,"column":8},"end":{"line":39,"column":44}},"23":{"start":{"line":41,"column":22},"end":{"line":41,"column":31}},"24":{"start":{"line":44,"column":2},"end":{"line":51,"column":5}},"25":{"start":{"line":45,"column":4},"end":{"line":50,"column":33}},"26":{"start":{"line":48,"column":8},"end":{"line":48,"column":47}},"27":{"start":{"line":50,"column":22},"end":{"line":50,"column":31}},"28":{"start":{"line":53,"column":2},"end":{"line":60,"column":5}},"29":{"start":{"line":54,"column":4},"end":{"line":59,"column":33}},"30":{"start":{"line":57,"column":8},"end":{"line":57,"column":38}},"31":{"start":{"line":59,"column":22},"end":{"line":59,"column":31}},"32":{"start":{"line":62,"column":2},"end":{"line":62,"column":16}}},"fnMap":{"0":{"name":"(anonymous_0)","decl":{"start":{"line":5,"column":17},"end":{"line":5,"column":18}},"loc":{"start":{"line":5,"column":26},"end":{"line":63,"column":1}},"line":5},"1":{"name":"(anonymous_1)","decl":{"start":{"line":8,"column":21},"end":{"line":8,"column":22}},"loc":{"start":{"line":8,"column":41},"end":{"line":13,"column":3}},"line":8},"2":{"name":"(anonymous_2)","decl":{"start":{"line":9,"column":61},"end":{"line":9,"column":62}},"loc":{"start":{"line":9,"column":70},"end":{"line":12,"column":5}},"line":9},"3":{"name":"(anonymous_3)","decl":{"start":{"line":12,"column":13},"end":{"line":12,"column":14}},"loc":{"start":{"line":12,"column":20},"end":{"line":12,"column":29}},"line":12},"4":{"name":"(anonymous_4)","decl":{"start":{"line":15,"column":19},"end":{"line":15,"column":20}},"loc":{"start":{"line":15,"column":39},"end":{"line":22,"column":3}},"line":15},"5":{"name":"(anonymous_5)","decl":{"start":{"line":18,"column":12},"end":{"line":18,"column":13}},"loc":{"start":{"line":18,"column":24},"end":{"line":20,"column":7}},"line":18},"6":{"name":"(anonymous_6)","decl":{"start":{"line":21,"column":13},"end":{"line":21,"column":14}},"loc":{"start":{"line":21,"column":22},"end":{"line":21,"column":31}},"line":21},"7":{"name":"(anonymous_7)","decl":{"start":{"line":24,"column":18},"end":{"line":24,"column":19}},"loc":{"start":{"line":24,"column":38},"end":{"line":29,"column":3}},"line":24},"8":{"name":"(anonymous_8)","decl":{"start":{"line":27,"column":12},"end":{"line":27,"column":13}},"loc":{"start":{"line":27,"column":24},"end":{"line":27,"column":52}},"line":27},"9":{"name":"(anonymous_9)","decl":{"start":{"line":28,"column":13},"end":{"line":28,"column":14}},"loc":{"start":{"line":28,"column":22},"end":{"line":28,"column":31}},"line":28},"10":{"name":"(anonymous_10)","decl":{"start":{"line":31,"column":21},"end":{"line":31,"column":22}},"loc":{"start":{"line":31,"column":41},"end":{"line":42,"column":3}},"line":31},"11":{"name":"(anonymous_11)","decl":{"start":{"line":34,"column":12},"end":{"line":34,"column":13}},"loc":{"start":{"line":34,"column":24},"end":{"line":40,"column":7}},"line":34},"12":{"name":"(anonymous_12)","decl":{"start":{"line":41,"column":13},"end":{"line":41,"column":14}},"loc":{"start":{"line":41,"column":22},"end":{"line":41,"column":31}},"line":41},"13":{"name":"(anonymous_13)","decl":{"start":{"line":44,"column":21},"end":{"line":44,"column":22}},"loc":{"start":{"line":44,"column":41},"end":{"line":51,"column":3}},"line":44},"14":{"name":"(anonymous_14)","decl":{"start":{"line":47,"column":12},"end":{"line":47,"column":13}},"loc":{"start":{"line":47,"column":24},"end":{"line":49,"column":7}},"line":47},"15":{"name":"(anonymous_15)","decl":{"start":{"line":50,"column":13},"end":{"line":50,"column":14}},"loc":{"start":{"line":50,"column":22},"end":{"line":50,"column":31}},"line":50},"16":{"name":"(anonymous_16)","decl":{"start":{"line":53,"column":24},"end":{"line":53,"column":25}},"loc":{"start":{"line":53,"column":44},"end":{"line":60,"column":3}},"line":53},"17":{"name":"(anonymous_17)","decl":{"start":{"line":56,"column":12},"end":{"line":56,"column":13}},"loc":{"start":{"line":56,"column":24},"end":{"line":58,"column":7}},"line":56},"18":{"name":"(anonymous_18)","decl":{"start":{"line":59,"column":13},"end":{"line":59,"column":14}},"loc":{"start":{"line":59,"column":22},"end":{"line":59,"column":31}},"line":59}},"branchMap":{"0":{"loc":{"start":{"line":10,"column":6},"end":{"line":11,"column":18}},"type":"if","locations":[{"start":{"line":10,"column":6},"end":{"line":11,"column":18}},{"start":{"line":11,"column":11},"end":{"line":11,"column":18}}],"line":10},"1":{"loc":{"start":{"line":35,"column":8},"end":{"line":38,"column":69}},"type":"if","locations":[{"start":{"line":35,"column":8},"end":{"line":38,"column":69}},{"start":{},"end":{}}],"line":35}},"s":{"0":7,"1":7,"2":7,"3":7,"4":7,"5":4,"6":4,"7":2,"8":2,"9":2,"10":7,"11":3,"12":1,"13":2,"14":7,"15":0,"16":0,"17":0,"18":7,"19":0,"20":0,"21":0,"22":0,"23":0,"24":7,"25":1,"26":1,"27":0,"28":7,"29":1,"30":1,"31":0,"32":7},"f":{"0":7,"1":4,"2":4,"3":2,"4":3,"5":1,"6":2,"7":0,"8":0,"9":0,"10":0,"11":0,"12":0,"13":1,"14":1,"15":0,"16":1,"17":1,"18":0},"b":{"0":[2,2],"1":[0,0]},"_coverageSchema":"1a1c01bbd47fc00a2c39e90264f33305004495a9","hash":"44bcd0cec71203f742a460a9cfb711794cf8136a"}
,"C:\\Users\\milton.santana\\Documents\\CURSOS\\TDDNode\\seubarriga\\src\\routes\\auth.js": {"path":"C:\\Users\\milton.santana\\Documents\\CURSOS\\TDDNode\\seubarriga\\src\\routes\\auth.js","statementMap":{"0":{"start":{"line":1,"column":16},"end":{"line":1,"column":34}},"1":{"start":{"line":2,"column":12},"end":{"line":2,"column":33}},"2":{"start":{"line":3,"column":15},"end":{"line":3,"column":39}},"3":{"start":{"line":4,"column":24},"end":{"line":4,"column":60}},"4":{"start":{"line":6,"column":15},"end":{"line":6,"column":25}},"5":{"start":{"line":7,"column":0},"end":{"line":35,"column":2}},"6":{"start":{"line":8,"column":17},"end":{"line":8,"column":33}},"7":{"start":{"line":9,"column":2},"end":{"line":23,"column":5}},"8":{"start":{"line":10,"column":4},"end":{"line":22,"column":31}},"9":{"start":{"line":11,"column":6},"end":{"line":11,"column":76}},"10":{"start":{"line":11,"column":17},"end":{"line":11,"column":76}},"11":{"start":{"line":12,"column":6},"end":{"line":21,"column":70}},"12":{"start":{"line":13,"column":24},"end":{"line":17,"column":9}},"13":{"start":{"line":18,"column":22},"end":{"line":18,"column":49}},"14":{"start":{"line":19,"column":8},"end":{"line":19,"column":40}},"15":{"start":{"line":21,"column":11},"end":{"line":21,"column":70}},"16":{"start":{"line":22,"column":20},"end":{"line":22,"column":29}},"17":{"start":{"line":25,"column":2},"end":{"line":32,"column":5}},"18":{"start":{"line":26,"column":4},"end":{"line":31,"column":5}},"19":{"start":{"line":27,"column":21},"end":{"line":27,"column":59}},"20":{"start":{"line":28,"column":6},"end":{"line":28,"column":45}},"21":{"start":{"line":30,"column":6},"end":{"line":30,"column":16}},"22":{"start":{"line":34,"column":2},"end":{"line":34,"column":16}}},"fnMap":{"0":{"name":"(anonymous_0)","decl":{"start":{"line":7,"column":17},"end":{"line":7,"column":18}},"loc":{"start":{"line":7,"column":26},"end":{"line":35,"column":1}},"line":7},"1":{"name":"(anonymous_1)","decl":{"start":{"line":9,"column":25},"end":{"line":9,"column":26}},"loc":{"start":{"line":9,"column":45},"end":{"line":23,"column":3}},"line":9},"2":{"name":"(anonymous_2)","decl":{"start":{"line":10,"column":60},"end":{"line":10,"column":61}},"loc":{"start":{"line":10,"column":70},"end":{"line":22,"column":5}},"line":10},"3":{"name":"(anonymous_3)","decl":{"start":{"line":22,"column":13},"end":{"line":22,"column":14}},"loc":{"start":{"line":22,"column":20},"end":{"line":22,"column":29}},"line":22},"4":{"name":"(anonymous_4)","decl":{"start":{"line":25,"column":25},"end":{"line":25,"column":26}},"loc":{"start":{"line":25,"column":51},"end":{"line":32,"column":3}},"line":25}},"branchMap":{"0":{"loc":{"start":{"line":11,"column":6},"end":{"line":11,"column":76}},"type":"if","locations":[{"start":{"line":11,"column":6},"end":{"line":11,"column":76}},{"start":{},"end":{}}],"line":11},"1":{"loc":{"start":{"line":12,"column":6},"end":{"line":21,"column":70}},"type":"if","locations":[{"start":{"line":12,"column":6},"end":{"line":21,"column":70}},{"start":{"line":21,"column":11},"end":{"line":21,"column":70}}],"line":12}},"s":{"0":7,"1":7,"2":7,"3":7,"4":7,"5":7,"6":7,"7":7,"8":3,"9":3,"10":1,"11":2,"12":1,"13":1,"14":1,"15":1,"16":2,"17":7,"18":1,"19":1,"20":1,"21":0,"22":7},"f":{"0":7,"1":3,"2":3,"3":2,"4":1},"b":{"0":[1,2],"1":[1,1]},"_coverageSchema":"1a1c01bbd47fc00a2c39e90264f33305004495a9","hash":"b15aa0f4e6b9ab390e630f1bf4c18faa1668c530"}
,"C:\\Users\\milton.santana\\Documents\\CURSOS\\TDDNode\\seubarriga\\src\\routes\\balance.js": {"path":"C:\\Users\\milton.santana\\Documents\\CURSOS\\TDDNode\\seubarriga\\src\\routes\\balance.js","statementMap":{"0":{"start":{"line":1,"column":16},"end":{"line":1,"column":34}},"1":{"start":{"line":3,"column":0},"end":{"line":13,"column":2}},"2":{"start":{"line":4,"column":17},"end":{"line":4,"column":33}},"3":{"start":{"line":6,"column":2},"end":{"line":10,"column":5}},"4":{"start":{"line":7,"column":4},"end":{"line":9,"column":31}},"5":{"start":{"line":8,"column":22},"end":{"line":8,"column":50}},"6":{"start":{"line":9,"column":20},"end":{"line":9,"column":29}},"7":{"start":{"line":12,"column":2},"end":{"line":12,"column":16}}},"fnMap":{"0":{"name":"(anonymous_0)","decl":{"start":{"line":3,"column":17},"end":{"line":3,"column":18}},"loc":{"start":{"line":3,"column":26},"end":{"line":13,"column":1}},"line":3},"1":{"name":"(anonymous_1)","decl":{"start":{"line":6,"column":18},"end":{"line":6,"column":19}},"loc":{"start":{"line":6,"column":38},"end":{"line":10,"column":3}},"line":6},"2":{"name":"(anonymous_2)","decl":{"start":{"line":8,"column":12},"end":{"line":8,"column":13}},"loc":{"start":{"line":8,"column":22},"end":{"line":8,"column":50}},"line":8},"3":{"name":"(anonymous_3)","decl":{"start":{"line":9,"column":13},"end":{"line":9,"column":14}},"loc":{"start":{"line":9,"column":20},"end":{"line":9,"column":29}},"line":9}},"branchMap":{},"s":{"0":7,"1":7,"2":7,"3":7,"4":10,"5":10,"6":0,"7":7},"f":{"0":7,"1":10,"2":10,"3":0},"b":{},"_coverageSchema":"1a1c01bbd47fc00a2c39e90264f33305004495a9","hash":"275e6d78d30b73bad88e4871c00494a3c9a674c3"}
,"C:\\Users\\milton.santana\\Documents\\CURSOS\\TDDNode\\seubarriga\\src\\routes\\transactions.js": {"path":"C:\\Users\\milton.santana\\Documents\\CURSOS\\TDDNode\\seubarriga\\src\\routes\\transactions.js","statementMap":{"0":{"start":{"line":1,"column":16},"end":{"line":1,"column":34}},"1":{"start":{"line":3,"column":29},"end":{"line":3,"column":70}},"2":{"start":{"line":5,"column":0},"end":{"line":53,"column":2}},"3":{"start":{"line":6,"column":17},"end":{"line":6,"column":33}},"4":{"start":{"line":8,"column":2},"end":{"line":15,"column":5}},"5":{"start":{"line":9,"column":4},"end":{"line":14,"column":31}},"6":{"start":{"line":12,"column":6},"end":{"line":13,"column":44}},"7":{"start":{"line":12,"column":29},"end":{"line":12,"column":36}},"8":{"start":{"line":13,"column":11},"end":{"line":13,"column":44}},"9":{"start":{"line":14,"column":20},"end":{"line":14,"column":29}},"10":{"start":{"line":17,"column":2},"end":{"line":22,"column":5}},"11":{"start":{"line":18,"column":4},"end":{"line":21,"column":33}},"12":{"start":{"line":20,"column":24},"end":{"line":20,"column":52}},"13":{"start":{"line":21,"column":22},"end":{"line":21,"column":31}},"14":{"start":{"line":24,"column":2},"end":{"line":29,"column":5}},"15":{"start":{"line":25,"column":4},"end":{"line":28,"column":33}},"16":{"start":{"line":27,"column":24},"end":{"line":27,"column":55}},"17":{"start":{"line":28,"column":22},"end":{"line":28,"column":31}},"18":{"start":{"line":31,"column":2},"end":{"line":36,"column":5}},"19":{"start":{"line":32,"column":4},"end":{"line":35,"column":33}},"20":{"start":{"line":34,"column":24},"end":{"line":34,"column":52}},"21":{"start":{"line":35,"column":22},"end":{"line":35,"column":31}},"22":{"start":{"line":38,"column":2},"end":{"line":43,"column":5}},"23":{"start":{"line":39,"column":4},"end":{"line":42,"column":33}},"24":{"start":{"line":41,"column":24},"end":{"line":41,"column":55}},"25":{"start":{"line":42,"column":22},"end":{"line":42,"column":31}},"26":{"start":{"line":45,"column":2},"end":{"line":50,"column":5}},"27":{"start":{"line":46,"column":4},"end":{"line":49,"column":33}},"28":{"start":{"line":48,"column":18},"end":{"line":48,"column":40}},"29":{"start":{"line":49,"column":22},"end":{"line":49,"column":31}},"30":{"start":{"line":52,"column":2},"end":{"line":52,"column":16}}},"fnMap":{"0":{"name":"(anonymous_0)","decl":{"start":{"line":5,"column":17},"end":{"line":5,"column":18}},"loc":{"start":{"line":5,"column":26},"end":{"line":53,"column":1}},"line":5},"1":{"name":"(anonymous_1)","decl":{"start":{"line":8,"column":21},"end":{"line":8,"column":22}},"loc":{"start":{"line":8,"column":41},"end":{"line":15,"column":3}},"line":8},"2":{"name":"(anonymous_2)","decl":{"start":{"line":11,"column":12},"end":{"line":11,"column":13}},"loc":{"start":{"line":11,"column":24},"end":{"line":14,"column":5}},"line":11},"3":{"name":"(anonymous_3)","decl":{"start":{"line":14,"column":13},"end":{"line":14,"column":14}},"loc":{"start":{"line":14,"column":20},"end":{"line":14,"column":29}},"line":14},"4":{"name":"(anonymous_4)","decl":{"start":{"line":17,"column":18},"end":{"line":17,"column":19}},"loc":{"start":{"line":17,"column":38},"end":{"line":22,"column":3}},"line":17},"5":{"name":"(anonymous_5)","decl":{"start":{"line":20,"column":12},"end":{"line":20,"column":13}},"loc":{"start":{"line":20,"column":24},"end":{"line":20,"column":52}},"line":20},"6":{"name":"(anonymous_6)","decl":{"start":{"line":21,"column":13},"end":{"line":21,"column":14}},"loc":{"start":{"line":21,"column":22},"end":{"line":21,"column":31}},"line":21},"7":{"name":"(anonymous_7)","decl":{"start":{"line":24,"column":19},"end":{"line":24,"column":20}},"loc":{"start":{"line":24,"column":39},"end":{"line":29,"column":3}},"line":24},"8":{"name":"(anonymous_8)","decl":{"start":{"line":27,"column":12},"end":{"line":27,"column":13}},"loc":{"start":{"line":27,"column":24},"end":{"line":27,"column":55}},"line":27},"9":{"name":"(anonymous_9)","decl":{"start":{"line":28,"column":13},"end":{"line":28,"column":14}},"loc":{"start":{"line":28,"column":22},"end":{"line":28,"column":31}},"line":28},"10":{"name":"(anonymous_10)","decl":{"start":{"line":31,"column":21},"end":{"line":31,"column":22}},"loc":{"start":{"line":31,"column":41},"end":{"line":36,"column":3}},"line":31},"11":{"name":"(anonymous_11)","decl":{"start":{"line":34,"column":12},"end":{"line":34,"column":13}},"loc":{"start":{"line":34,"column":24},"end":{"line":34,"column":52}},"line":34},"12":{"name":"(anonymous_12)","decl":{"start":{"line":35,"column":13},"end":{"line":35,"column":14}},"loc":{"start":{"line":35,"column":22},"end":{"line":35,"column":31}},"line":35},"13":{"name":"(anonymous_13)","decl":{"start":{"line":38,"column":21},"end":{"line":38,"column":22}},"loc":{"start":{"line":38,"column":41},"end":{"line":43,"column":3}},"line":38},"14":{"name":"(anonymous_14)","decl":{"start":{"line":41,"column":12},"end":{"line":41,"column":13}},"loc":{"start":{"line":41,"column":24},"end":{"line":41,"column":55}},"line":41},"15":{"name":"(anonymous_15)","decl":{"start":{"line":42,"column":13},"end":{"line":42,"column":14}},"loc":{"start":{"line":42,"column":22},"end":{"line":42,"column":31}},"line":42},"16":{"name":"(anonymous_16)","decl":{"start":{"line":45,"column":24},"end":{"line":45,"column":25}},"loc":{"start":{"line":45,"column":44},"end":{"line":50,"column":3}},"line":45},"17":{"name":"(anonymous_17)","decl":{"start":{"line":48,"column":12},"end":{"line":48,"column":13}},"loc":{"start":{"line":48,"column":18},"end":{"line":48,"column":40}},"line":48},"18":{"name":"(anonymous_18)","decl":{"start":{"line":49,"column":13},"end":{"line":49,"column":14}},"loc":{"start":{"line":49,"column":22},"end":{"line":49,"column":31}},"line":49}},"branchMap":{"0":{"loc":{"start":{"line":12,"column":6},"end":{"line":13,"column":44}},"type":"if","locations":[{"start":{"line":12,"column":6},"end":{"line":13,"column":44}},{"start":{"line":13,"column":11},"end":{"line":13,"column":44}}],"line":12}},"s":{"0":7,"1":7,"2":7,"3":7,"4":7,"5":0,"6":0,"7":0,"8":0,"9":0,"10":7,"11":0,"12":0,"13":0,"14":7,"15":7,"16":6,"17":1,"18":7,"19":0,"20":0,"21":0,"22":7,"23":0,"24":0,"25":0,"26":7,"27":0,"28":0,"29":0,"30":7},"f":{"0":7,"1":0,"2":0,"3":0,"4":0,"5":0,"6":0,"7":7,"8":6,"9":1,"10":0,"11":0,"12":0,"13":0,"14":0,"15":0,"16":0,"17":0,"18":0},"b":{"0":[0,0]},"_coverageSchema":"1a1c01bbd47fc00a2c39e90264f33305004495a9","hash":"0240975dc61f15c2dc0e818bf9ff20e4d74aebd8"}
,"C:\\Users\\milton.santana\\Documents\\CURSOS\\TDDNode\\seubarriga\\src\\routes\\transfers.js": {"path":"C:\\Users\\milton.santana\\Documents\\CURSOS\\TDDNode\\seubarriga\\src\\routes\\transfers.js","statementMap":{"0":{"start":{"line":1,"column":16},"end":{"line":1,"column":34}},"1":{"start":{"line":2,"column":29},"end":{"line":2,"column":70}},"2":{"start":{"line":4,"column":0},"end":{"line":53,"column":2}},"3":{"start":{"line":5,"column":17},"end":{"line":5,"column":33}},"4":{"start":{"line":7,"column":2},"end":{"line":13,"column":5}},"5":{"start":{"line":8,"column":4},"end":{"line":12,"column":33}},"6":{"start":{"line":10,"column":8},"end":{"line":10,"column":77}},"7":{"start":{"line":10,"column":44},"end":{"line":10,"column":77}},"8":{"start":{"line":11,"column":8},"end":{"line":11,"column":15}},"9":{"start":{"line":12,"column":22},"end":{"line":12,"column":31}},"10":{"start":{"line":15,"column":19},"end":{"line":19,"column":3}},"11":{"start":{"line":16,"column":4},"end":{"line":18,"column":31}},"12":{"start":{"line":17,"column":18},"end":{"line":17,"column":24}},"13":{"start":{"line":18,"column":20},"end":{"line":18,"column":29}},"14":{"start":{"line":21,"column":2},"end":{"line":25,"column":5}},"15":{"start":{"line":22,"column":4},"end":{"line":24,"column":31}},"16":{"start":{"line":23,"column":22},"end":{"line":23,"column":50}},"17":{"start":{"line":24,"column":20},"end":{"line":24,"column":29}},"18":{"start":{"line":27,"column":2},"end":{"line":32,"column":5}},"19":{"start":{"line":28,"column":21},"end":{"line":28,"column":58}},"20":{"start":{"line":29,"column":4},"end":{"line":31,"column":31}},"21":{"start":{"line":30,"column":22},"end":{"line":30,"column":53}},"22":{"start":{"line":31,"column":20},"end":{"line":31,"column":29}},"23":{"start":{"line":34,"column":2},"end":{"line":38,"column":5}},"24":{"start":{"line":35,"column":4},"end":{"line":37,"column":31}},"25":{"start":{"line":36,"column":22},"end":{"line":36,"column":50}},"26":{"start":{"line":37,"column":20},"end":{"line":37,"column":29}},"27":{"start":{"line":40,"column":2},"end":{"line":44,"column":5}},"28":{"start":{"line":41,"column":4},"end":{"line":43,"column":31}},"29":{"start":{"line":42,"column":22},"end":{"line":42,"column":53}},"30":{"start":{"line":43,"column":20},"end":{"line":43,"column":29}},"31":{"start":{"line":46,"column":2},"end":{"line":50,"column":5}},"32":{"start":{"line":47,"column":4},"end":{"line":49,"column":31}},"33":{"start":{"line":48,"column":18},"end":{"line":48,"column":40}},"34":{"start":{"line":49,"column":20},"end":{"line":49,"column":29}},"35":{"start":{"line":52,"column":2},"end":{"line":52,"column":16}}},"fnMap":{"0":{"name":"(anonymous_0)","decl":{"start":{"line":4,"column":17},"end":{"line":4,"column":18}},"loc":{"start":{"line":4,"column":26},"end":{"line":53,"column":1}},"line":4},"1":{"name":"(anonymous_1)","decl":{"start":{"line":7,"column":21},"end":{"line":7,"column":22}},"loc":{"start":{"line":7,"column":41},"end":{"line":13,"column":3}},"line":7},"2":{"name":"(anonymous_2)","decl":{"start":{"line":9,"column":12},"end":{"line":9,"column":13}},"loc":{"start":{"line":9,"column":24},"end":{"line":12,"column":7}},"line":9},"3":{"name":"(anonymous_3)","decl":{"start":{"line":12,"column":15},"end":{"line":12,"column":16}},"loc":{"start":{"line":12,"column":22},"end":{"line":12,"column":31}},"line":12},"4":{"name":"(anonymous_4)","decl":{"start":{"line":15,"column":19},"end":{"line":15,"column":20}},"loc":{"start":{"line":15,"column":39},"end":{"line":19,"column":3}},"line":15},"5":{"name":"(anonymous_5)","decl":{"start":{"line":17,"column":12},"end":{"line":17,"column":13}},"loc":{"start":{"line":17,"column":18},"end":{"line":17,"column":24}},"line":17},"6":{"name":"(anonymous_6)","decl":{"start":{"line":18,"column":13},"end":{"line":18,"column":14}},"loc":{"start":{"line":18,"column":20},"end":{"line":18,"column":29}},"line":18},"7":{"name":"(anonymous_7)","decl":{"start":{"line":21,"column":18},"end":{"line":21,"column":19}},"loc":{"start":{"line":21,"column":38},"end":{"line":25,"column":3}},"line":21},"8":{"name":"(anonymous_8)","decl":{"start":{"line":23,"column":12},"end":{"line":23,"column":13}},"loc":{"start":{"line":23,"column":22},"end":{"line":23,"column":50}},"line":23},"9":{"name":"(anonymous_9)","decl":{"start":{"line":24,"column":13},"end":{"line":24,"column":14}},"loc":{"start":{"line":24,"column":20},"end":{"line":24,"column":29}},"line":24},"10":{"name":"(anonymous_10)","decl":{"start":{"line":27,"column":29},"end":{"line":27,"column":30}},"loc":{"start":{"line":27,"column":49},"end":{"line":32,"column":3}},"line":27},"11":{"name":"(anonymous_11)","decl":{"start":{"line":30,"column":12},"end":{"line":30,"column":13}},"loc":{"start":{"line":30,"column":22},"end":{"line":30,"column":53}},"line":30},"12":{"name":"(anonymous_12)","decl":{"start":{"line":31,"column":13},"end":{"line":31,"column":14}},"loc":{"start":{"line":31,"column":20},"end":{"line":31,"column":29}},"line":31},"13":{"name":"(anonymous_13)","decl":{"start":{"line":34,"column":21},"end":{"line":34,"column":22}},"loc":{"start":{"line":34,"column":41},"end":{"line":38,"column":3}},"line":34},"14":{"name":"(anonymous_14)","decl":{"start":{"line":36,"column":12},"end":{"line":36,"column":13}},"loc":{"start":{"line":36,"column":22},"end":{"line":36,"column":50}},"line":36},"15":{"name":"(anonymous_15)","decl":{"start":{"line":37,"column":13},"end":{"line":37,"column":14}},"loc":{"start":{"line":37,"column":20},"end":{"line":37,"column":29}},"line":37},"16":{"name":"(anonymous_16)","decl":{"start":{"line":40,"column":31},"end":{"line":40,"column":32}},"loc":{"start":{"line":40,"column":51},"end":{"line":44,"column":3}},"line":40},"17":{"name":"(anonymous_17)","decl":{"start":{"line":42,"column":12},"end":{"line":42,"column":13}},"loc":{"start":{"line":42,"column":22},"end":{"line":42,"column":53}},"line":42},"18":{"name":"(anonymous_18)","decl":{"start":{"line":43,"column":13},"end":{"line":43,"column":14}},"loc":{"start":{"line":43,"column":20},"end":{"line":43,"column":29}},"line":43},"19":{"name":"(anonymous_19)","decl":{"start":{"line":46,"column":24},"end":{"line":46,"column":25}},"loc":{"start":{"line":46,"column":44},"end":{"line":50,"column":3}},"line":46},"20":{"name":"(anonymous_20)","decl":{"start":{"line":48,"column":12},"end":{"line":48,"column":13}},"loc":{"start":{"line":48,"column":18},"end":{"line":48,"column":40}},"line":48},"21":{"name":"(anonymous_21)","decl":{"start":{"line":49,"column":13},"end":{"line":49,"column":14}},"loc":{"start":{"line":49,"column":20},"end":{"line":49,"column":29}},"line":49}},"branchMap":{"0":{"loc":{"start":{"line":10,"column":8},"end":{"line":10,"column":77}},"type":"if","locations":[{"start":{"line":10,"column":8},"end":{"line":10,"column":77}},{"start":{},"end":{}}],"line":10}},"s":{"0":7,"1":7,"2":7,"3":7,"4":7,"5":11,"6":11,"7":1,"8":10,"9":1,"10":7,"11":18,"12":4,"13":14,"14":7,"15":1,"16":1,"17":0,"18":7,"19":3,"20":3,"21":3,"22":0,"23":7,"24":1,"25":1,"26":0,"27":7,"28":1,"29":1,"30":0,"31":7,"32":1,"33":1,"34":0,"35":7},"f":{"0":7,"1":11,"2":11,"3":1,"4":18,"5":4,"6":14,"7":1,"8":1,"9":0,"10":3,"11":3,"12":0,"13":1,"14":1,"15":0,"16":1,"17":1,"18":0,"19":1,"20":1,"21":0},"b":{"0":[1,10]},"_coverageSchema":"1a1c01bbd47fc00a2c39e90264f33305004495a9","hash":"01f6c1a707196c91e4a7545a23b6b4e8a223c27a"}
,"C:\\Users\\milton.santana\\Documents\\CURSOS\\TDDNode\\seubarriga\\src\\routes\\users.js": {"path":"C:\\Users\\milton.santana\\Documents\\CURSOS\\TDDNode\\seubarriga\\src\\routes\\users.js","statementMap":{"0":{"start":{"line":1,"column":16},"end":{"line":1,"column":34}},"1":{"start":{"line":3,"column":0},"end":{"line":21,"column":2}},"2":{"start":{"line":4,"column":17},"end":{"line":4,"column":33}},"3":{"start":{"line":5,"column":2},"end":{"line":9,"column":5}},"4":{"start":{"line":6,"column":4},"end":{"line":8,"column":31}},"5":{"start":{"line":7,"column":6},"end":{"line":7,"column":35}},"6":{"start":{"line":8,"column":20},"end":{"line":8,"column":29}},"7":{"start":{"line":11,"column":2},"end":{"line":18,"column":5}},"8":{"start":{"line":12,"column":4},"end":{"line":17,"column":5}},"9":{"start":{"line":13,"column":21},"end":{"line":13,"column":59}},"10":{"start":{"line":14,"column":6},"end":{"line":14,"column":45}},"11":{"start":{"line":16,"column":6},"end":{"line":16,"column":16}},"12":{"start":{"line":20,"column":2},"end":{"line":20,"column":16}}},"fnMap":{"0":{"name":"(anonymous_0)","decl":{"start":{"line":3,"column":17},"end":{"line":3,"column":18}},"loc":{"start":{"line":3,"column":26},"end":{"line":21,"column":1}},"line":3},"1":{"name":"(anonymous_1)","decl":{"start":{"line":5,"column":18},"end":{"line":5,"column":19}},"loc":{"start":{"line":5,"column":38},"end":{"line":9,"column":3}},"line":5},"2":{"name":"(anonymous_2)","decl":{"start":{"line":6,"column":37},"end":{"line":6,"column":38}},"loc":{"start":{"line":6,"column":49},"end":{"line":8,"column":5}},"line":6},"3":{"name":"(anonymous_3)","decl":{"start":{"line":8,"column":13},"end":{"line":8,"column":14}},"loc":{"start":{"line":8,"column":20},"end":{"line":8,"column":29}},"line":8},"4":{"name":"(anonymous_4)","decl":{"start":{"line":11,"column":19},"end":{"line":11,"column":20}},"loc":{"start":{"line":11,"column":45},"end":{"line":18,"column":3}},"line":11}},"branchMap":{},"s":{"0":7,"1":7,"2":7,"3":7,"4":1,"5":1,"6":0,"7":7,"8":5,"9":5,"10":2,"11":3,"12":7},"f":{"0":7,"1":1,"2":1,"3":0,"4":5},"b":{},"_coverageSchema":"1a1c01bbd47fc00a2c39e90264f33305004495a9","hash":"7ce0b4e248b2889179b9401f133b8dc8a1d73d92"}
,"C:\\Users\\milton.santana\\Documents\\CURSOS\\TDDNode\\seubarriga\\src\\seeds\\01_transfer.js": {"path":"C:\\Users\\milton.santana\\Documents\\CURSOS\\TDDNode\\seubarriga\\src\\seeds\\01_transfer.js","statementMap":{"0":{"start":{"line":1,"column":0},"end":{"line":108,"column":2}},"1":{"start":{"line":2,"column":2},"end":{"line":107,"column":6}},"2":{"start":{"line":4,"column":16},"end":{"line":4,"column":39}},"3":{"start":{"line":5,"column":16},"end":{"line":5,"column":38}},"4":{"start":{"line":6,"column":16},"end":{"line":6,"column":35}},"5":{"start":{"line":8,"column":6},"end":{"line":106,"column":9}},"6":{"start":{"line":26,"column":10},"end":{"line":47,"column":12}},"7":{"start":{"line":50,"column":10},"end":{"line":69,"column":12}},"8":{"start":{"line":72,"column":10},"end":{"line":105,"column":12}}},"fnMap":{"0":{"name":"(anonymous_0)","decl":{"start":{"line":1,"column":15},"end":{"line":1,"column":16}},"loc":{"start":{"line":1,"column":25},"end":{"line":108,"column":1}},"line":1},"1":{"name":"(anonymous_1)","decl":{"start":{"line":4,"column":10},"end":{"line":4,"column":11}},"loc":{"start":{"line":4,"column":16},"end":{"line":4,"column":39}},"line":4},"2":{"name":"(anonymous_2)","decl":{"start":{"line":5,"column":10},"end":{"line":5,"column":11}},"loc":{"start":{"line":5,"column":16},"end":{"line":5,"column":38}},"line":5},"3":{"name":"(anonymous_3)","decl":{"start":{"line":6,"column":10},"end":{"line":6,"column":11}},"loc":{"start":{"line":6,"column":16},"end":{"line":6,"column":35}},"line":6},"4":{"name":"(anonymous_4)","decl":{"start":{"line":7,"column":10},"end":{"line":7,"column":11}},"loc":{"start":{"line":8,"column":6},"end":{"line":106,"column":9}},"line":8},"5":{"name":"(anonymous_5)","decl":{"start":{"line":25,"column":14},"end":{"line":25,"column":15}},"loc":{"start":{"line":26,"column":10},"end":{"line":47,"column":12}},"line":26},"6":{"name":"(anonymous_6)","decl":{"start":{"line":49,"column":14},"end":{"line":49,"column":15}},"loc":{"start":{"line":50,"column":10},"end":{"line":69,"column":12}},"line":50},"7":{"name":"(anonymous_7)","decl":{"start":{"line":71,"column":14},"end":{"line":71,"column":15}},"loc":{"start":{"line":72,"column":10},"end":{"line":105,"column":12}},"line":72}},"branchMap":{},"s":{"0":2,"1":2,"2":2,"3":2,"4":2,"5":2,"6":2,"7":2,"8":2},"f":{"0":2,"1":2,"2":2,"3":2,"4":2,"5":2,"6":2,"7":2},"b":{},"_coverageSchema":"1a1c01bbd47fc00a2c39e90264f33305004495a9","hash":"0b25855d3882c2fe9ae5ca5025100cb3b6c828f2"}
,"C:\\Users\\milton.santana\\Documents\\CURSOS\\TDDNode\\seubarriga\\src\\seeds\\02_balance.js": {"path":"C:\\Users\\milton.santana\\Documents\\CURSOS\\TDDNode\\seubarriga\\src\\seeds\\02_balance.js","statementMap":{"0":{"start":{"line":1,"column":15},"end":{"line":1,"column":32}},"1":{"start":{"line":3,"column":0},"end":{"line":61,"column":2}},"2":{"start":{"line":4,"column":2},"end":{"line":60,"column":6}},"3":{"start":{"line":26,"column":6},"end":{"line":33,"column":8}},"4":{"start":{"line":35,"column":14},"end":{"line":38,"column":4}},"5":{"start":{"line":39,"column":14},"end":{"line":60,"column":4}}},"fnMap":{"0":{"name":"(anonymous_0)","decl":{"start":{"line":3,"column":15},"end":{"line":3,"column":16}},"loc":{"start":{"line":3,"column":25},"end":{"line":61,"column":1}},"line":3},"1":{"name":"(anonymous_1)","decl":{"start":{"line":25,"column":10},"end":{"line":25,"column":11}},"loc":{"start":{"line":26,"column":6},"end":{"line":33,"column":8}},"line":26},"2":{"name":"(anonymous_2)","decl":{"start":{"line":35,"column":8},"end":{"line":35,"column":9}},"loc":{"start":{"line":35,"column":14},"end":{"line":38,"column":4}},"line":35},"3":{"name":"(anonymous_3)","decl":{"start":{"line":39,"column":8},"end":{"line":39,"column":9}},"loc":{"start":{"line":39,"column":14},"end":{"line":60,"column":4}},"line":39}},"branchMap":{},"s":{"0":2,"1":2,"2":2,"3":2,"4":2,"5":2},"f":{"0":2,"1":2,"2":2,"3":2},"b":{},"_coverageSchema":"1a1c01bbd47fc00a2c39e90264f33305004495a9","hash":"b21b1b031b86e6e27359d03da3aebb1e83a65652"}
,"C:\\Users\\milton.santana\\Documents\\CURSOS\\TDDNode\\seubarriga\\src\\services\\account.js": {"path":"C:\\Users\\milton.santana\\Documents\\CURSOS\\TDDNode\\seubarriga\\src\\services\\account.js","statementMap":{"0":{"start":{"line":1,"column":24},"end":{"line":1,"column":60}},"1":{"start":{"line":3,"column":0},"end":{"line":35,"column":2}},"2":{"start":{"line":4,"column":15},"end":{"line":14,"column":3}},"3":{"start":{"line":5,"column":4},"end":{"line":6,"column":66}},"4":{"start":{"line":6,"column":6},"end":{"line":6,"column":66}},"5":{"start":{"line":8,"column":18},"end":{"line":11,"column":6}},"6":{"start":{"line":12,"column":4},"end":{"line":12,"column":78}},"7":{"start":{"line":12,"column":15},"end":{"line":12,"column":78}},"8":{"start":{"line":13,"column":4},"end":{"line":13,"column":51}},"9":{"start":{"line":16,"column":18},"end":{"line":18,"column":3}},"10":{"start":{"line":17,"column":4},"end":{"line":17,"column":49}},"11":{"start":{"line":20,"column":18},"end":{"line":22,"column":3}},"12":{"start":{"line":21,"column":4},"end":{"line":21,"column":52}},"13":{"start":{"line":24,"column":17},"end":{"line":26,"column":3}},"14":{"start":{"line":25,"column":4},"end":{"line":25,"column":65}},"15":{"start":{"line":28,"column":17},"end":{"line":32,"column":3}},"16":{"start":{"line":29,"column":24},"end":{"line":29,"column":78}},"17":{"start":{"line":30,"column":4},"end":{"line":30,"column":90}},"18":{"start":{"line":30,"column":21},"end":{"line":30,"column":90}},"19":{"start":{"line":31,"column":4},"end":{"line":31,"column":50}},"20":{"start":{"line":34,"column":2},"end":{"line":34,"column":52}}},"fnMap":{"0":{"name":"(anonymous_0)","decl":{"start":{"line":3,"column":17},"end":{"line":3,"column":18}},"loc":{"start":{"line":3,"column":26},"end":{"line":35,"column":1}},"line":3},"1":{"name":"(anonymous_1)","decl":{"start":{"line":4,"column":15},"end":{"line":4,"column":16}},"loc":{"start":{"line":4,"column":34},"end":{"line":14,"column":3}},"line":4},"2":{"name":"(anonymous_2)","decl":{"start":{"line":16,"column":18},"end":{"line":16,"column":19}},"loc":{"start":{"line":16,"column":31},"end":{"line":18,"column":3}},"line":16},"3":{"name":"(anonymous_3)","decl":{"start":{"line":20,"column":18},"end":{"line":20,"column":19}},"loc":{"start":{"line":20,"column":35},"end":{"line":22,"column":3}},"line":20},"4":{"name":"(anonymous_4)","decl":{"start":{"line":24,"column":17},"end":{"line":24,"column":18}},"loc":{"start":{"line":24,"column":34},"end":{"line":26,"column":3}},"line":24},"5":{"name":"(anonymous_5)","decl":{"start":{"line":28,"column":17},"end":{"line":28,"column":18}},"loc":{"start":{"line":28,"column":31},"end":{"line":32,"column":3}},"line":28}},"branchMap":{"0":{"loc":{"start":{"line":5,"column":4},"end":{"line":6,"column":66}},"type":"if","locations":[{"start":{"line":5,"column":4},"end":{"line":6,"column":66}},{"start":{},"end":{}}],"line":5},"1":{"loc":{"start":{"line":12,"column":4},"end":{"line":12,"column":78}},"type":"if","locations":[{"start":{"line":12,"column":4},"end":{"line":12,"column":78}},{"start":{},"end":{}}],"line":12},"2":{"loc":{"start":{"line":20,"column":19},"end":{"line":20,"column":30}},"type":"default-arg","locations":[{"start":{"line":20,"column":28},"end":{"line":20,"column":30}}],"line":20},"3":{"loc":{"start":{"line":30,"column":4},"end":{"line":30,"column":90}},"type":"if","locations":[{"start":{"line":30,"column":4},"end":{"line":30,"column":90}},{"start":{},"end":{}}],"line":30}},"s":{"0":7,"1":7,"2":7,"3":3,"4":1,"5":2,"6":2,"7":1,"8":1,"9":7,"10":0,"11":7,"12":6,"13":7,"14":1,"15":7,"16":1,"17":1,"18":0,"19":1,"20":7},"f":{"0":7,"1":3,"2":0,"3":6,"4":1,"5":1},"b":{"0":[1,2],"1":[1,1],"2":[0],"3":[0,1]},"_coverageSchema":"1a1c01bbd47fc00a2c39e90264f33305004495a9","hash":"bb8f701ca98c9db67db7c276b5179d0e352fb373"}
,"C:\\Users\\milton.santana\\Documents\\CURSOS\\TDDNode\\seubarriga\\src\\services\\balance.js": {"path":"C:\\Users\\milton.santana\\Documents\\CURSOS\\TDDNode\\seubarriga\\src\\services\\balance.js","statementMap":{"0":{"start":{"line":1,"column":0},"end":{"line":13,"column":4}},"1":{"start":{"line":2,"column":21},"end":{"line":10,"column":5}},"2":{"start":{"line":3,"column":6},"end":{"line":9,"column":27}},"3":{"start":{"line":12,"column":4},"end":{"line":12,"column":24}}},"fnMap":{"0":{"name":"(anonymous_0)","decl":{"start":{"line":1,"column":17},"end":{"line":1,"column":18}},"loc":{"start":{"line":1,"column":26},"end":{"line":13,"column":3}},"line":1},"1":{"name":"(anonymous_1)","decl":{"start":{"line":2,"column":21},"end":{"line":2,"column":22}},"loc":{"start":{"line":2,"column":33},"end":{"line":10,"column":5}},"line":2}},"branchMap":{},"s":{"0":7,"1":7,"2":10,"3":7},"f":{"0":7,"1":10},"b":{},"_coverageSchema":"1a1c01bbd47fc00a2c39e90264f33305004495a9","hash":"4c521a34f06079370ce712c5bd59212a68483ce8"}
,"C:\\Users\\milton.santana\\Documents\\CURSOS\\TDDNode\\seubarriga\\src\\services\\transaction.js": {"path":"C:\\Users\\milton.santana\\Documents\\CURSOS\\TDDNode\\seubarriga\\src\\services\\transaction.js","statementMap":{"0":{"start":{"line":1,"column":24},"end":{"line":1,"column":60}},"1":{"start":{"line":3,"column":0},"end":{"line":41,"column":2}},"2":{"start":{"line":4,"column":15},"end":{"line":11,"column":3}},"3":{"start":{"line":5,"column":4},"end":{"line":10,"column":16}},"4":{"start":{"line":13,"column":18},"end":{"line":15,"column":3}},"5":{"start":{"line":14,"column":4},"end":{"line":14,"column":56}},"6":{"start":{"line":17,"column":15},"end":{"line":30,"column":3}},"7":{"start":{"line":18,"column":4},"end":{"line":18,"column":99}},"8":{"start":{"line":18,"column":34},"end":{"line":18,"column":99}},"9":{"start":{"line":19,"column":4},"end":{"line":19,"column":91}},"10":{"start":{"line":19,"column":30},"end":{"line":19,"column":91}},"11":{"start":{"line":20,"column":4},"end":{"line":20,"column":87}},"12":{"start":{"line":20,"column":27},"end":{"line":20,"column":87}},"13":{"start":{"line":21,"column":4},"end":{"line":21,"column":90}},"14":{"start":{"line":21,"column":29},"end":{"line":21,"column":90}},"15":{"start":{"line":22,"column":4},"end":{"line":22,"column":87}},"16":{"start":{"line":22,"column":27},"end":{"line":22,"column":87}},"17":{"start":{"line":23,"column":4},"end":{"line":23,"column":108}},"18":{"start":{"line":23,"column":65},"end":{"line":23,"column":108}},"19":{"start":{"line":24,"column":4},"end":{"line":28,"column":32}},"20":{"start":{"line":28,"column":6},"end":{"line":28,"column":32}},"21":{"start":{"line":29,"column":4},"end":{"line":29,"column":59}},"22":{"start":{"line":32,"column":17},"end":{"line":34,"column":3}},"23":{"start":{"line":33,"column":4},"end":{"line":33,"column":73}},"24":{"start":{"line":36,"column":17},"end":{"line":38,"column":3}},"25":{"start":{"line":37,"column":4},"end":{"line":37,"column":54}},"26":{"start":{"line":40,"column":2},"end":{"line":40,"column":49}}},"fnMap":{"0":{"name":"(anonymous_0)","decl":{"start":{"line":3,"column":17},"end":{"line":3,"column":18}},"loc":{"start":{"line":3,"column":26},"end":{"line":41,"column":1}},"line":3},"1":{"name":"(anonymous_1)","decl":{"start":{"line":4,"column":15},"end":{"line":4,"column":16}},"loc":{"start":{"line":4,"column":40},"end":{"line":11,"column":3}},"line":4},"2":{"name":"(anonymous_2)","decl":{"start":{"line":13,"column":18},"end":{"line":13,"column":19}},"loc":{"start":{"line":13,"column":30},"end":{"line":15,"column":3}},"line":13},"3":{"name":"(anonymous_3)","decl":{"start":{"line":17,"column":15},"end":{"line":17,"column":16}},"loc":{"start":{"line":17,"column":32},"end":{"line":30,"column":3}},"line":17},"4":{"name":"(anonymous_4)","decl":{"start":{"line":32,"column":17},"end":{"line":32,"column":18}},"loc":{"start":{"line":32,"column":38},"end":{"line":34,"column":3}},"line":32},"5":{"name":"(anonymous_5)","decl":{"start":{"line":36,"column":17},"end":{"line":36,"column":18}},"loc":{"start":{"line":36,"column":25},"end":{"line":38,"column":3}},"line":36}},"branchMap":{"0":{"loc":{"start":{"line":4,"column":24},"end":{"line":4,"column":35}},"type":"default-arg","locations":[{"start":{"line":4,"column":33},"end":{"line":4,"column":35}}],"line":4},"1":{"loc":{"start":{"line":18,"column":4},"end":{"line":18,"column":99}},"type":"if","locations":[{"start":{"line":18,"column":4},"end":{"line":18,"column":99}},{"start":{},"end":{}}],"line":18},"2":{"loc":{"start":{"line":19,"column":4},"end":{"line":19,"column":91}},"type":"if","locations":[{"start":{"line":19,"column":4},"end":{"line":19,"column":91}},{"start":{},"end":{}}],"line":19},"3":{"loc":{"start":{"line":20,"column":4},"end":{"line":20,"column":87}},"type":"if","locations":[{"start":{"line":20,"column":4},"end":{"line":20,"column":87}},{"start":{},"end":{}}],"line":20},"4":{"loc":{"start":{"line":21,"column":4},"end":{"line":21,"column":90}},"type":"if","locations":[{"start":{"line":21,"column":4},"end":{"line":21,"column":90}},{"start":{},"end":{}}],"line":21},"5":{"loc":{"start":{"line":22,"column":4},"end":{"line":22,"column":87}},"type":"if","locations":[{"start":{"line":22,"column":4},"end":{"line":22,"column":87}},{"start":{},"end":{}}],"line":22},"6":{"loc":{"start":{"line":23,"column":4},"end":{"line":23,"column":108}},"type":"if","locations":[{"start":{"line":23,"column":4},"end":{"line":23,"column":108}},{"start":{},"end":{}}],"line":23},"7":{"loc":{"start":{"line":23,"column":10},"end":{"line":23,"column":62}},"type":"binary-expr","locations":[{"start":{"line":23,"column":10},"end":{"line":23,"column":34}},{"start":{"line":23,"column":38},"end":{"line":23,"column":62}}],"line":23},"8":{"loc":{"start":{"line":24,"column":4},"end":{"line":28,"column":32}},"type":"if","locations":[{"start":{"line":24,"column":4},"end":{"line":28,"column":32}},{"start":{},"end":{}}],"line":24},"9":{"loc":{"start":{"line":25,"column":6},"end":{"line":26,"column":59}},"type":"binary-expr","locations":[{"start":{"line":25,"column":7},"end":{"line":25,"column":31}},{"start":{"line":25,"column":35},"end":{"line":25,"column":58}},{"start":{"line":26,"column":7},"end":{"line":26,"column":31}},{"start":{"line":26,"column":35},"end":{"line":26,"column":58}}],"line":25}},"s":{"0":7,"1":7,"2":7,"3":0,"4":7,"5":1,"6":7,"7":7,"8":0,"9":7,"10":0,"11":7,"12":0,"13":7,"14":0,"15":7,"16":0,"17":7,"18":0,"19":7,"20":3,"21":7,"22":7,"23":0,"24":7,"25":0,"26":7},"f":{"0":7,"1":0,"2":1,"3":7,"4":0,"5":0},"b":{"0":[0],"1":[0,7],"2":[0,7],"3":[0,7],"4":[0,7],"5":[0,7],"6":[0,7],"7":[7,3],"8":[3,4],"9":[7,4,7,3]},"_coverageSchema":"1a1c01bbd47fc00a2c39e90264f33305004495a9","hash":"fbb9dc359669a7c6fdb3fc2c0cc6a271d2c2780a"}
,"C:\\Users\\milton.santana\\Documents\\CURSOS\\TDDNode\\seubarriga\\src\\services\\transfer.js": {"path":"C:\\Users\\milton.santana\\Documents\\CURSOS\\TDDNode\\seubarriga\\src\\services\\transfer.js","statementMap":{"0":{"start":{"line":1,"column":24},"end":{"line":1,"column":60}},"1":{"start":{"line":3,"column":0},"end":{"line":64,"column":2}},"2":{"start":{"line":4,"column":15},"end":{"line":8,"column":3}},"3":{"start":{"line":5,"column":4},"end":{"line":7,"column":16}},"4":{"start":{"line":10,"column":18},"end":{"line":14,"column":3}},"5":{"start":{"line":11,"column":4},"end":{"line":13,"column":15}},"6":{"start":{"line":16,"column":19},"end":{"line":28,"column":3}},"7":{"start":{"line":17,"column":4},"end":{"line":17,"column":96}},"8":{"start":{"line":17,"column":31},"end":{"line":17,"column":96}},"9":{"start":{"line":18,"column":4},"end":{"line":18,"column":88}},"10":{"start":{"line":18,"column":27},"end":{"line":18,"column":88}},"11":{"start":{"line":19,"column":4},"end":{"line":19,"column":84}},"12":{"start":{"line":19,"column":24},"end":{"line":19,"column":84}},"13":{"start":{"line":20,"column":4},"end":{"line":20,"column":101}},"14":{"start":{"line":20,"column":30},"end":{"line":20,"column":101}},"15":{"start":{"line":21,"column":4},"end":{"line":21,"column":103}},"16":{"start":{"line":21,"column":31},"end":{"line":21,"column":103}},"17":{"start":{"line":22,"column":4},"end":{"line":22,"column":137}},"18":{"start":{"line":22,"column":54},"end":{"line":22,"column":137}},"19":{"start":{"line":24,"column":21},"end":{"line":24,"column":104}},"20":{"start":{"line":25,"column":4},"end":{"line":27,"column":7}},"21":{"start":{"line":26,"column":6},"end":{"line":26,"column":128}},"22":{"start":{"line":26,"column":58},"end":{"line":26,"column":128}},"23":{"start":{"line":30,"column":15},"end":{"line":41,"column":3}},"24":{"start":{"line":31,"column":19},"end":{"line":31,"column":66}},"25":{"start":{"line":32,"column":23},"end":{"line":32,"column":35}},"26":{"start":{"line":34,"column":25},"end":{"line":37,"column":5}},"27":{"start":{"line":39,"column":4},"end":{"line":39,"column":54}},"28":{"start":{"line":40,"column":4},"end":{"line":40,"column":18}},"29":{"start":{"line":43,"column":17},"end":{"line":56,"column":3}},"30":{"start":{"line":44,"column":19},"end":{"line":46,"column":28}},"31":{"start":{"line":48,"column":25},"end":{"line":51,"column":5}},"32":{"start":{"line":53,"column":4},"end":{"line":53,"column":66}},"33":{"start":{"line":54,"column":4},"end":{"line":54,"column":54}},"34":{"start":{"line":55,"column":4},"end":{"line":55,"column":18}},"35":{"start":{"line":58,"column":17},"end":{"line":61,"column":3}},"36":{"start":{"line":59,"column":4},"end":{"line":59,"column":66}},"37":{"start":{"line":60,"column":4},"end":{"line":60,"column":51}},"38":{"start":{"line":63,"column":2},"end":{"line":63,"column":59}}},"fnMap":{"0":{"name":"(anonymous_0)","decl":{"start":{"line":3,"column":17},"end":{"line":3,"column":18}},"loc":{"start":{"line":3,"column":26},"end":{"line":64,"column":1}},"line":3},"1":{"name":"(anonymous_1)","decl":{"start":{"line":4,"column":15},"end":{"line":4,"column":16}},"loc":{"start":{"line":4,"column":32},"end":{"line":8,"column":3}},"line":4},"2":{"name":"(anonymous_2)","decl":{"start":{"line":10,"column":18},"end":{"line":10,"column":19}},"loc":{"start":{"line":10,"column":35},"end":{"line":14,"column":3}},"line":10},"3":{"name":"(anonymous_3)","decl":{"start":{"line":16,"column":19},"end":{"line":16,"column":20}},"loc":{"start":{"line":16,"column":39},"end":{"line":28,"column":3}},"line":16},"4":{"name":"(anonymous_4)","decl":{"start":{"line":25,"column":21},"end":{"line":25,"column":22}},"loc":{"start":{"line":25,"column":30},"end":{"line":27,"column":5}},"line":25},"5":{"name":"(anonymous_5)","decl":{"start":{"line":30,"column":15},"end":{"line":30,"column":16}},"loc":{"start":{"line":30,"column":35},"end":{"line":41,"column":3}},"line":30},"6":{"name":"(anonymous_6)","decl":{"start":{"line":43,"column":17},"end":{"line":43,"column":18}},"loc":{"start":{"line":43,"column":41},"end":{"line":56,"column":3}},"line":43},"7":{"name":"(anonymous_7)","decl":{"start":{"line":58,"column":17},"end":{"line":58,"column":18}},"loc":{"start":{"line":58,"column":31},"end":{"line":61,"column":3}},"line":58}},"branchMap":{"0":{"loc":{"start":{"line":4,"column":16},"end":{"line":4,"column":27}},"type":"default-arg","locations":[{"start":{"line":4,"column":25},"end":{"line":4,"column":27}}],"line":4},"1":{"loc":{"start":{"line":10,"column":19},"end":{"line":10,"column":30}},"type":"default-arg","locations":[{"start":{"line":10,"column":28},"end":{"line":10,"column":30}}],"line":10},"2":{"loc":{"start":{"line":17,"column":4},"end":{"line":17,"column":96}},"type":"if","locations":[{"start":{"line":17,"column":4},"end":{"line":17,"column":96}},{"start":{},"end":{}}],"line":17},"3":{"loc":{"start":{"line":18,"column":4},"end":{"line":18,"column":88}},"type":"if","locations":[{"start":{"line":18,"column":4},"end":{"line":18,"column":88}},{"start":{},"end":{}}],"line":18},"4":{"loc":{"start":{"line":19,"column":4},"end":{"line":19,"column":84}},"type":"if","locations":[{"start":{"line":19,"column":4},"end":{"line":19,"column":84}},{"start":{},"end":{}}],"line":19},"5":{"loc":{"start":{"line":20,"column":4},"end":{"line":20,"column":101}},"type":"if","locations":[{"start":{"line":20,"column":4},"end":{"line":20,"column":101}},{"start":{},"end":{}}],"line":20},"6":{"loc":{"start":{"line":21,"column":4},"end":{"line":21,"column":103}},"type":"if","locations":[{"start":{"line":21,"column":4},"end":{"line":21,"column":103}},{"start":{},"end":{}}],"line":21},"7":{"loc":{"start":{"line":22,"column":4},"end":{"line":22,"column":137}},"type":"if","locations":[{"start":{"line":22,"column":4},"end":{"line":22,"column":137}},{"start":{},"end":{}}],"line":22},"8":{"loc":{"start":{"line":26,"column":6},"end":{"line":26,"column":128}},"type":"if","locations":[{"start":{"line":26,"column":6},"end":{"line":26,"column":128}},{"start":{},"end":{}}],"line":26}},"s":{"0":7,"1":7,"2":7,"3":1,"4":7,"5":12,"6":7,"7":18,"8":2,"9":16,"10":2,"11":14,"12":2,"13":12,"14":2,"15":10,"16":2,"17":8,"18":2,"19":6,"20":6,"21":12,"22":2,"23":7,"24":3,"25":3,"26":3,"27":3,"28":3,"29":7,"30":1,"31":1,"32":1,"33":1,"34":1,"35":7,"36":1,"37":1,"38":7},"f":{"0":7,"1":1,"2":12,"3":18,"4":12,"5":3,"6":1,"7":1},"b":{"0":[0],"1":[0],"2":[2,16],"3":[2,14],"4":[2,12],"5":[2,10],"6":[2,8],"7":[2,6],"8":[2,10]},"_coverageSchema":"1a1c01bbd47fc00a2c39e90264f33305004495a9","hash":"6eb1d4d4e05b488ac87ae8e6be08af72ce2124f9"}
,"C:\\Users\\milton.santana\\Documents\\CURSOS\\TDDNode\\seubarriga\\src\\services\\user.js": {"path":"C:\\Users\\milton.santana\\Documents\\CURSOS\\TDDNode\\seubarriga\\src\\services\\user.js","statementMap":{"0":{"start":{"line":1,"column":15},"end":{"line":1,"column":39}},"1":{"start":{"line":2,"column":24},"end":{"line":2,"column":60}},"2":{"start":{"line":4,"column":0},"end":{"line":37,"column":2}},"3":{"start":{"line":5,"column":18},"end":{"line":7,"column":3}},"4":{"start":{"line":6,"column":4},"end":{"line":6,"column":58}},"5":{"start":{"line":9,"column":18},"end":{"line":11,"column":3}},"6":{"start":{"line":10,"column":4},"end":{"line":10,"column":49}},"7":{"start":{"line":13,"column":24},"end":{"line":16,"column":3}},"8":{"start":{"line":14,"column":17},"end":{"line":14,"column":39}},"9":{"start":{"line":15,"column":4},"end":{"line":15,"column":41}},"10":{"start":{"line":18,"column":15},"end":{"line":34,"column":3}},"11":{"start":{"line":19,"column":4},"end":{"line":19,"column":80}},"12":{"start":{"line":19,"column":20},"end":{"line":19,"column":80}},"13":{"start":{"line":20,"column":4},"end":{"line":21,"column":67}},"14":{"start":{"line":21,"column":6},"end":{"line":21,"column":67}},"15":{"start":{"line":22,"column":4},"end":{"line":23,"column":67}},"16":{"start":{"line":23,"column":6},"end":{"line":23,"column":67}},"17":{"start":{"line":25,"column":19},"end":{"line":25,"column":53}},"18":{"start":{"line":27,"column":4},"end":{"line":28,"column":71}},"19":{"start":{"line":28,"column":6},"end":{"line":28,"column":71}},"20":{"start":{"line":30,"column":20},"end":{"line":30,"column":31}},"21":{"start":{"line":31,"column":4},"end":{"line":31,"column":48}},"22":{"start":{"line":33,"column":4},"end":{"line":33,"column":67}},"23":{"start":{"line":36,"column":2},"end":{"line":36,"column":36}}},"fnMap":{"0":{"name":"(anonymous_0)","decl":{"start":{"line":4,"column":17},"end":{"line":4,"column":18}},"loc":{"start":{"line":4,"column":26},"end":{"line":37,"column":1}},"line":4},"1":{"name":"(anonymous_1)","decl":{"start":{"line":5,"column":18},"end":{"line":5,"column":19}},"loc":{"start":{"line":5,"column":24},"end":{"line":7,"column":3}},"line":5},"2":{"name":"(anonymous_2)","decl":{"start":{"line":9,"column":18},"end":{"line":9,"column":19}},"loc":{"start":{"line":9,"column":30},"end":{"line":11,"column":3}},"line":9},"3":{"name":"(anonymous_3)","decl":{"start":{"line":13,"column":24},"end":{"line":13,"column":25}},"loc":{"start":{"line":13,"column":36},"end":{"line":16,"column":3}},"line":13},"4":{"name":"(anonymous_4)","decl":{"start":{"line":18,"column":15},"end":{"line":18,"column":16}},"loc":{"start":{"line":18,"column":31},"end":{"line":34,"column":3}},"line":18}},"branchMap":{"0":{"loc":{"start":{"line":19,"column":4},"end":{"line":19,"column":80}},"type":"if","locations":[{"start":{"line":19,"column":4},"end":{"line":19,"column":80}},{"start":{},"end":{}}],"line":19},"1":{"loc":{"start":{"line":20,"column":4},"end":{"line":21,"column":67}},"type":"if","locations":[{"start":{"line":20,"column":4},"end":{"line":21,"column":67}},{"start":{},"end":{}}],"line":20},"2":{"loc":{"start":{"line":22,"column":4},"end":{"line":23,"column":67}},"type":"if","locations":[{"start":{"line":22,"column":4},"end":{"line":23,"column":67}},{"start":{},"end":{}}],"line":22},"3":{"loc":{"start":{"line":27,"column":4},"end":{"line":28,"column":71}},"type":"if","locations":[{"start":{"line":27,"column":4},"end":{"line":28,"column":71}},{"start":{},"end":{}}],"line":27}},"s":{"0":7,"1":7,"2":7,"3":7,"4":1,"5":7,"6":65,"7":7,"8":8,"9":8,"10":7,"11":11,"12":0,"13":11,"14":1,"15":10,"16":1,"17":9,"18":9,"19":1,"20":8,"21":8,"22":8,"23":7},"f":{"0":7,"1":1,"2":65,"3":8,"4":11},"b":{"0":[0,11],"1":[1,10],"2":[1,9],"3":[1,8]},"_coverageSchema":"1a1c01bbd47fc00a2c39e90264f33305004495a9","hash":"de7745b6ecd2dbaa0abfef30bb77fe223694187f"}
}
