TN:
SF:knexfile.js
FNF:0
FNH:0
DA:1,7
LF:1
LH:1
BRF:0
BRH:0
end_of_record
TN:
SF:src\app.js
FN:17,(anonymous_0)
FN:21,(anonymous_1)
FNF:2
FNH:2
FNDA:1,(anonymous_0)
FNDA:25,(anonymous_1)
DA:1,7
DA:2,7
DA:3,7
DA:4,7
DA:7,7
DA:9,7
DA:17,7
DA:18,1
DA:21,7
DA:22,25
DA:23,25
DA:24,4
DA:25,1
DA:26,25
DA:41,7
LF:15
LH:15
BRDA:23,0,0,21
BRDA:23,0,1,4
BRDA:24,1,0,3
BRDA:24,1,1,1
BRF:4
BRH:4
end_of_record
TN:
SF:src\config\middlewares.js
FN:4,(anonymous_0)
FNF:1
FNH:1
FNDA:7,(anonymous_0)
DA:1,7
DA:4,7
DA:5,7
LF:3
LH:3
BRF:0
BRH:0
end_of_record
TN:
SF:src\config\passport.js
FN:7,(anonymous_0)
FN:13,(anonymous_1)
FN:16,(anonymous_2)
FN:20,(anonymous_3)
FN:26,(anonymous_4)
FNF:5
FNH:4
FNDA:7,(anonymous_0)
FNDA:52,(anonymous_1)
FNDA:52,(anonymous_2)
FNDA:0,(anonymous_3)
FNDA:7,(anonymous_4)
DA:1,7
DA:2,7
DA:3,7
DA:5,7
DA:7,7
DA:8,7
DA:13,7
DA:14,52
DA:17,52
DA:18,0
DA:20,0
DA:23,7
DA:25,7
DA:26,7
LF:14
LH:12
BRDA:17,0,0,52
BRDA:17,0,1,0
BRF:2
BRH:1
end_of_record
TN:
SF:src\config\router.js
FN:3,(anonymous_0)
FNF:1
FNH:1
FNDA:7,(anonymous_0)
DA:1,7
DA:3,7
DA:4,7
DA:6,7
DA:8,7
DA:9,7
DA:10,7
DA:11,7
DA:12,7
DA:14,7
LF:10
LH:10
BRF:0
BRH:0
end_of_record
TN:
SF:src\errors\InvalidResourceError.js
FN:1,InvalidResourceError
FNF:1
FNH:1
FNDA:3,InvalidResourceError
DA:1,7
DA:2,3
DA:3,3
LF:3
LH:3
BRDA:1,0,0,3
BRF:1
BRH:1
end_of_record
TN:
SF:src\errors\ValidationError.js
FN:1,ValidationError
FNF:1
FNH:1
FNDA:21,ValidationError
DA:1,7
DA:2,21
DA:3,21
LF:3
LH:3
BRF:0
BRH:0
end_of_record
TN:
SF:src\routes\accounts.js
FN:5,(anonymous_0)
FN:8,(anonymous_1)
FN:9,(anonymous_2)
FN:12,(anonymous_3)
FN:15,(anonymous_4)
FN:18,(anonymous_5)
FN:21,(anonymous_6)
FN:24,(anonymous_7)
FN:27,(anonymous_8)
FN:28,(anonymous_9)
FN:31,(anonymous_10)
FN:34,(anonymous_11)
FN:41,(anonymous_12)
FN:44,(anonymous_13)
FN:47,(anonymous_14)
FN:50,(anonymous_15)
FN:53,(anonymous_16)
FN:56,(anonymous_17)
FN:59,(anonymous_18)
FNF:19
FNH:11
FNDA:7,(anonymous_0)
FNDA:4,(anonymous_1)
FNDA:4,(anonymous_2)
FNDA:2,(anonymous_3)
FNDA:3,(anonymous_4)
FNDA:1,(anonymous_5)
FNDA:2,(anonymous_6)
FNDA:0,(anonymous_7)
FNDA:0,(anonymous_8)
FNDA:0,(anonymous_9)
FNDA:0,(anonymous_10)
FNDA:0,(anonymous_11)
FNDA:0,(anonymous_12)
FNDA:1,(anonymous_13)
FNDA:1,(anonymous_14)
FNDA:0,(anonymous_15)
FNDA:1,(anonymous_16)
FNDA:1,(anonymous_17)
FNDA:0,(anonymous_18)
DA:1,7
DA:3,7
DA:5,7
DA:6,7
DA:8,7
DA:9,4
DA:10,4
DA:11,2
DA:12,2
DA:15,7
DA:16,3
DA:19,1
DA:21,2
DA:24,7
DA:25,0
DA:27,0
DA:28,0
DA:31,7
DA:32,0
DA:35,0
DA:36,0
DA:39,0
DA:41,0
DA:44,7
DA:45,1
DA:48,1
DA:50,0
DA:53,7
DA:54,1
DA:57,1
DA:59,0
DA:62,7
LF:32
LH:22
BRDA:10,0,0,2
BRDA:10,0,1,2
BRDA:35,1,0,0
BRDA:35,1,1,0
BRF:4
BRH:2
end_of_record
TN:
SF:src\routes\auth.js
FN:7,(anonymous_0)
FN:9,(anonymous_1)
FN:10,(anonymous_2)
FN:22,(anonymous_3)
FN:25,(anonymous_4)
FNF:5
FNH:5
FNDA:7,(anonymous_0)
FNDA:3,(anonymous_1)
FNDA:3,(anonymous_2)
FNDA:2,(anonymous_3)
FNDA:1,(anonymous_4)
DA:1,7
DA:2,7
DA:3,7
DA:4,7
DA:6,7
DA:7,7
DA:8,7
DA:9,7
DA:10,3
DA:11,3
DA:12,2
DA:13,1
DA:18,1
DA:19,1
DA:21,1
DA:22,2
DA:25,7
DA:26,1
DA:27,1
DA:28,1
DA:30,0
DA:34,7
LF:22
LH:21
BRDA:11,0,0,1
BRDA:11,0,1,2
BRDA:12,1,0,1
BRDA:12,1,1,1
BRF:4
BRH:4
end_of_record
TN:
SF:src\routes\balance.js
FN:3,(anonymous_0)
FN:6,(anonymous_1)
FN:8,(anonymous_2)
FN:9,(anonymous_3)
FNF:4
FNH:3
FNDA:7,(anonymous_0)
FNDA:10,(anonymous_1)
FNDA:10,(anonymous_2)
FNDA:0,(anonymous_3)
DA:1,7
DA:3,7
DA:4,7
DA:6,7
DA:7,10
DA:8,10
DA:9,0
DA:12,7
LF:8
LH:7
BRF:0
BRH:0
end_of_record
TN:
SF:src\routes\transactions.js
FN:5,(anonymous_0)
FN:8,(anonymous_1)
FN:11,(anonymous_2)
FN:14,(anonymous_3)
FN:17,(anonymous_4)
FN:20,(anonymous_5)
FN:21,(anonymous_6)
FN:24,(anonymous_7)
FN:27,(anonymous_8)
FN:28,(anonymous_9)
FN:31,(anonymous_10)
FN:34,(anonymous_11)
FN:35,(anonymous_12)
FN:38,(anonymous_13)
FN:41,(anonymous_14)
FN:42,(anonymous_15)
FN:45,(anonymous_16)
FN:48,(anonymous_17)
FN:49,(anonymous_18)
FNF:19
FNH:4
FNDA:7,(anonymous_0)
FNDA:0,(anonymous_1)
FNDA:0,(anonymous_2)
FNDA:0,(anonymous_3)
FNDA:0,(anonymous_4)
FNDA:0,(anonymous_5)
FNDA:0,(anonymous_6)
FNDA:7,(anonymous_7)
FNDA:6,(anonymous_8)
FNDA:1,(anonymous_9)
FNDA:0,(anonymous_10)
FNDA:0,(anonymous_11)
FNDA:0,(anonymous_12)
FNDA:0,(anonymous_13)
FNDA:0,(anonymous_14)
FNDA:0,(anonymous_15)
FNDA:0,(anonymous_16)
FNDA:0,(anonymous_17)
FNDA:0,(anonymous_18)
DA:1,7
DA:3,7
DA:5,7
DA:6,7
DA:8,7
DA:9,0
DA:12,0
DA:13,0
DA:14,0
DA:17,7
DA:18,0
DA:20,0
DA:21,0
DA:24,7
DA:25,7
DA:27,6
DA:28,1
DA:31,7
DA:32,0
DA:34,0
DA:35,0
DA:38,7
DA:39,0
DA:41,0
DA:42,0
DA:45,7
DA:46,0
DA:48,0
DA:49,0
DA:52,7
LF:30
LH:14
BRDA:12,0,0,0
BRDA:12,0,1,0
BRF:2
BRH:0
end_of_record
TN:
SF:src\routes\transfers.js
FN:4,(anonymous_0)
FN:7,(anonymous_1)
FN:9,(anonymous_2)
FN:12,(anonymous_3)
FN:15,(anonymous_4)
FN:17,(anonymous_5)
FN:18,(anonymous_6)
FN:21,(anonymous_7)
FN:23,(anonymous_8)
FN:24,(anonymous_9)
FN:27,(anonymous_10)
FN:30,(anonymous_11)
FN:31,(anonymous_12)
FN:34,(anonymous_13)
FN:36,(anonymous_14)
FN:37,(anonymous_15)
FN:40,(anonymous_16)
FN:42,(anonymous_17)
FN:43,(anonymous_18)
FN:46,(anonymous_19)
FN:48,(anonymous_20)
FN:49,(anonymous_21)
FNF:22
FNH:17
FNDA:7,(anonymous_0)
FNDA:11,(anonymous_1)
FNDA:11,(anonymous_2)
FNDA:1,(anonymous_3)
FNDA:18,(anonymous_4)
FNDA:4,(anonymous_5)
FNDA:14,(anonymous_6)
FNDA:1,(anonymous_7)
FNDA:1,(anonymous_8)
FNDA:0,(anonymous_9)
FNDA:3,(anonymous_10)
FNDA:3,(anonymous_11)
FNDA:0,(anonymous_12)
FNDA:1,(anonymous_13)
FNDA:1,(anonymous_14)
FNDA:0,(anonymous_15)
FNDA:1,(anonymous_16)
FNDA:1,(anonymous_17)
FNDA:0,(anonymous_18)
FNDA:1,(anonymous_19)
FNDA:1,(anonymous_20)
FNDA:0,(anonymous_21)
DA:1,7
DA:2,7
DA:4,7
DA:5,7
DA:7,7
DA:8,11
DA:10,11
DA:11,10
DA:12,1
DA:15,7
DA:16,18
DA:17,4
DA:18,14
DA:21,7
DA:22,1
DA:23,1
DA:24,0
DA:27,7
DA:28,3
DA:29,3
DA:30,3
DA:31,0
DA:34,7
DA:35,1
DA:36,1
DA:37,0
DA:40,7
DA:41,1
DA:42,1
DA:43,0
DA:46,7
DA:47,1
DA:48,1
DA:49,0
DA:52,7
LF:35
LH:30
BRDA:10,0,0,1
BRDA:10,0,1,10
BRF:2
BRH:2
end_of_record
TN:
SF:src\routes\users.js
FN:3,(anonymous_0)
FN:5,(anonymous_1)
FN:6,(anonymous_2)
FN:8,(anonymous_3)
FN:11,(anonymous_4)
FNF:5
FNH:4
FNDA:7,(anonymous_0)
FNDA:1,(anonymous_1)
FNDA:1,(anonymous_2)
FNDA:0,(anonymous_3)
FNDA:5,(anonymous_4)
DA:1,7
DA:3,7
DA:4,7
DA:5,7
DA:6,1
DA:7,1
DA:8,0
DA:11,7
DA:12,5
DA:13,5
DA:14,2
DA:16,3
DA:20,7
LF:13
LH:12
BRF:0
BRH:0
end_of_record
TN:
SF:src\seeds\01_transfer.js
FN:1,(anonymous_0)
FN:4,(anonymous_1)
FN:5,(anonymous_2)
FN:6,(anonymous_3)
FN:7,(anonymous_4)
FN:25,(anonymous_5)
FN:49,(anonymous_6)
FN:71,(anonymous_7)
FNF:8
FNH:8
FNDA:2,(anonymous_0)
FNDA:2,(anonymous_1)
FNDA:2,(anonymous_2)
FNDA:2,(anonymous_3)
FNDA:2,(anonymous_4)
FNDA:2,(anonymous_5)
FNDA:2,(anonymous_6)
FNDA:2,(anonymous_7)
DA:1,2
DA:2,2
DA:4,2
DA:5,2
DA:6,2
DA:8,2
DA:26,2
DA:50,2
DA:72,2
LF:9
LH:9
BRF:0
BRH:0
end_of_record
TN:
SF:src\seeds\02_balance.js
FN:3,(anonymous_0)
FN:25,(anonymous_1)
FN:35,(anonymous_2)
FN:39,(anonymous_3)
FNF:4
FNH:4
FNDA:2,(anonymous_0)
FNDA:2,(anonymous_1)
FNDA:2,(anonymous_2)
FNDA:2,(anonymous_3)
DA:1,2
DA:3,2
DA:4,2
DA:26,2
DA:35,2
DA:39,2
LF:6
LH:6
BRF:0
BRH:0
end_of_record
TN:
SF:src\services\account.js
FN:3,(anonymous_0)
FN:4,(anonymous_1)
FN:16,(anonymous_2)
FN:20,(anonymous_3)
FN:24,(anonymous_4)
FN:28,(anonymous_5)
FNF:6
FNH:5
FNDA:7,(anonymous_0)
FNDA:3,(anonymous_1)
FNDA:0,(anonymous_2)
FNDA:6,(anonymous_3)
FNDA:1,(anonymous_4)
FNDA:1,(anonymous_5)
DA:1,7
DA:3,7
DA:4,7
DA:5,3
DA:6,1
DA:8,2
DA:12,2
DA:13,1
DA:16,7
DA:17,0
DA:20,7
DA:21,6
DA:24,7
DA:25,1
DA:28,7
DA:29,1
DA:30,1
DA:31,1
DA:34,7
LF:19
LH:18
BRDA:5,0,0,1
BRDA:5,0,1,2
BRDA:12,1,0,1
BRDA:12,1,1,1
BRDA:20,2,0,0
BRDA:30,3,0,0
BRDA:30,3,1,1
BRF:7
BRH:5
end_of_record
TN:
SF:src\services\balance.js
FN:1,(anonymous_0)
FN:2,(anonymous_1)
FNF:2
FNH:2
FNDA:7,(anonymous_0)
FNDA:10,(anonymous_1)
DA:1,7
DA:2,7
DA:3,10
DA:12,7
LF:4
LH:4
BRF:0
BRH:0
end_of_record
TN:
SF:src\services\transaction.js
FN:3,(anonymous_0)
FN:4,(anonymous_1)
FN:13,(anonymous_2)
FN:17,(anonymous_3)
FN:32,(anonymous_4)
FN:36,(anonymous_5)
FNF:6
FNH:3
FNDA:7,(anonymous_0)
FNDA:0,(anonymous_1)
FNDA:1,(anonymous_2)
FNDA:7,(anonymous_3)
FNDA:0,(anonymous_4)
FNDA:0,(anonymous_5)
DA:1,7
DA:3,7
DA:4,7
DA:5,0
DA:13,7
DA:14,1
DA:17,7
DA:18,7
DA:19,7
DA:20,7
DA:21,7
DA:22,7
DA:23,7
DA:24,7
DA:28,3
DA:29,7
DA:32,7
DA:33,0
DA:36,7
DA:37,0
DA:40,7
LF:21
LH:18
BRDA:4,0,0,0
BRDA:18,1,0,0
BRDA:18,1,1,7
BRDA:19,2,0,0
BRDA:19,2,1,7
BRDA:20,3,0,0
BRDA:20,3,1,7
BRDA:21,4,0,0
BRDA:21,4,1,7
BRDA:22,5,0,0
BRDA:22,5,1,7
BRDA:23,6,0,0
BRDA:23,6,1,7
BRDA:23,7,0,7
BRDA:23,7,1,3
BRDA:24,8,0,3
BRDA:24,8,1,4
BRDA:25,9,0,7
BRDA:25,9,1,4
BRDA:25,9,2,7
BRDA:25,9,3,3
BRF:21
BRH:14
end_of_record
TN:
SF:src\services\transfer.js
FN:3,(anonymous_0)
FN:4,(anonymous_1)
FN:10,(anonymous_2)
FN:16,(anonymous_3)
FN:25,(anonymous_4)
FN:30,(anonymous_5)
FN:43,(anonymous_6)
FN:58,(anonymous_7)
FNF:8
FNH:8
FNDA:7,(anonymous_0)
FNDA:1,(anonymous_1)
FNDA:12,(anonymous_2)
FNDA:18,(anonymous_3)
FNDA:12,(anonymous_4)
FNDA:3,(anonymous_5)
FNDA:1,(anonymous_6)
FNDA:1,(anonymous_7)
DA:1,7
DA:3,7
DA:4,7
DA:5,1
DA:10,7
DA:11,12
DA:16,7
DA:17,18
DA:18,16
DA:19,14
DA:20,12
DA:21,10
DA:22,8
DA:24,6
DA:25,6
DA:26,12
DA:30,7
DA:31,3
DA:32,3
DA:34,3
DA:39,3
DA:40,3
DA:43,7
DA:44,1
DA:48,1
DA:53,1
DA:54,1
DA:55,1
DA:58,7
DA:59,1
DA:60,1
DA:63,7
LF:32
LH:32
BRDA:4,0,0,0
BRDA:10,1,0,0
BRDA:17,2,0,2
BRDA:17,2,1,16
BRDA:18,3,0,2
BRDA:18,3,1,14
BRDA:19,4,0,2
BRDA:19,4,1,12
BRDA:20,5,0,2
BRDA:20,5,1,10
BRDA:21,6,0,2
BRDA:21,6,1,8
BRDA:22,7,0,2
BRDA:22,7,1,6
BRDA:26,8,0,2
BRDA:26,8,1,10
BRF:16
BRH:14
end_of_record
TN:
SF:src\services\user.js
FN:4,(anonymous_0)
FN:5,(anonymous_1)
FN:9,(anonymous_2)
FN:13,(anonymous_3)
FN:18,(anonymous_4)
FNF:5
FNH:5
FNDA:7,(anonymous_0)
FNDA:1,(anonymous_1)
FNDA:65,(anonymous_2)
FNDA:8,(anonymous_3)
FNDA:11,(anonymous_4)
DA:1,7
DA:2,7
DA:4,7
DA:5,7
DA:6,1
DA:9,7
DA:10,65
DA:13,7
DA:14,8
DA:15,8
DA:18,7
DA:19,11
DA:20,11
DA:21,1
DA:22,10
DA:23,1
DA:25,9
DA:27,9
DA:28,1
DA:30,8
DA:31,8
DA:33,8
DA:36,7
LF:23
LH:23
BRDA:19,0,0,0
BRDA:19,0,1,11
BRDA:20,1,0,1
BRDA:20,1,1,10
BRDA:22,2,0,1
BRDA:22,2,1,9
BRDA:27,3,0,1
BRDA:27,3,1,8
BRF:8
BRH:7
end_of_record
